#
# A fatal error has been detected by the Java Runtime Environment:
#
#  EXCEPTION_ACCESS_VIOLATION (0xc0000005) at pc=0x0000000300000247, pid=2016, tid=3816
#
# JRE version: OpenJDK Runtime Environment Temurin-17.0.10+7 (17.0.10+7) (build 17.0.10+7)
# Java VM: OpenJDK 64-Bit Server VM Temurin-17.0.10+7 (17.0.10+7, mixed mode, tiered, compressed oops, compressed class ptrs, g1 gc, windows-amd64)
# Problematic frame:
# V  [jvm.dll+0x1bf77e]
#
# No core dump will be written. Minidumps are not enabled by default on client versions of Windows
#
# If you would like to submit a bug report, please visit:
#   https://github.com/adoptium/adoptium-support/issues
#

---------------  S U M M A R Y ------------

Command Line: --add-opens=java.base/java.lang=ALL-UNNAMED --add-opens=java.base/java.io=ALL-UNNAMED --add-opens=java.base/java.util=ALL-UNNAMED -Dplugin.dir=C:\Users\asv\.vscode\extensions\redhat.java-1.30.0-win32-x64\server\..\..\vscjava.vscode-gradle-3.13.5\server\plugins com.microsoft.java.bs.core.Launcher

Host: Intel(R) Core(TM) i5 CPU         650  @ 3.20GHz, 4 cores, 3G,  Windows 10 , 64 bit Build 19041 (10.0.19041.3636)
Time: Mon May  6 13:17:40 2024 SE Asia Standard Time elapsed time: 72.020748 seconds (0d 0h 1m 12s)

---------------  T H R E A D  ---------------

Current thread (0x00000204393f7b40):  JavaThread "C2 CompilerThread0" daemon [_thread_in_native, id=3816, stack(0x000000dcf7000000,0x000000dcf7100000)]


Current CompileTask:
C2:  72020 2708       4       com.google.gson.stream.JsonWriter::string (169 bytes)

Stack: [0x000000dcf7000000,0x000000dcf7100000],  sp=0x000000dcf70fb8b0,  free space=1006k
Native frames: (J=compiled Java code, j=interpreted, Vv=VM code, C=native code)
C  0x0000000300000247


siginfo: EXCEPTION_ACCESS_VIOLATION (0xc0000005), data execution prevention violation at address 0x0000000300000247


Registers:
RAX=0x000002043f5a3b48, RBX=0x0000000000000000, RCX=0x000002043f56bd90, RDX=0x0000000000000000
RSP=0x000000dcf70fb8a8, RBP=0x000002043f4c6410, RSI=0x000000dcf70fbda0, RDI=0xffffffffffffffff
R8 =0x00000000ffffffff, R9 =0x0000000000000001, R10=0x0000000000000000, R11=0x3333333333333333
R12=0x0000000000000001, R13=0x0000000000000001, R14=0x000002043f56bd90, R15=0x000002043fd7a8b0
RIP=0x0000000300000247, EFLAGS=0x0000000000010202


Register to memory mapping:

RIP=0x0000000300000247 is an unknown value
RAX=0x000002043f5a3b48 points into unknown readable memory: 0x0000000000000000 | 00 00 00 00 00 00 00 00
RBX=0x0 is NULL
RCX=0x000002043f56bd90 points into unknown readable memory: 0x000002043f5a3b48 | 48 3b 5a 3f 04 02 00 00
RDX=0x0 is NULL
RSP=0x000000dcf70fb8a8 is pointing into the stack for thread: 0x00000204393f7b40
RBP=0x000002043f4c6410 points into unknown readable memory: 0x00007ffc0030c530 | 30 c5 30 00 fc 7f 00 00
RSI=0x000000dcf70fbda0 is pointing into the stack for thread: 0x00000204393f7b40
RDI=0xffffffffffffffff is an unknown value
R8 =0x00000000ffffffff is an unallocated location in the heap
R9 =0x0000000000000001 is an unknown value
R10=0x0 is NULL
R11=0x3333333333333333 is an unknown value
R12=0x0000000000000001 is an unknown value
R13=0x0000000000000001 is an unknown value
R14=0x000002043f56bd90 points into unknown readable memory: 0x000002043f5a3b48 | 48 3b 5a 3f 04 02 00 00
R15=0x000002043fd7a8b0 points into unknown readable memory: 0x0001000105555455 | 55 54 55 05 01 00 01 00


Top of Stack: (sp=0x000000dcf70fb8a8)
0x000000dcf70fb8a8:   00007ffbffbaf77e 0000000000000002
0x000000dcf70fb8b8:   000002043f4c6410 000000dcf70fbda0
0x000000dcf70fb8c8:   0000020440189be0 000000d200000019
0x000000dcf70fb8d8:   00007ffb00000000 000002043f4c6410
0x000000dcf70fb8e8:   000000dcf70fb980 0000000000000000
0x000000dcf70fb8f8:   0000000000000000 0000000000067a40
0x000000dcf70fb908:   0000020439586930 00000000000003d8
0x000000dcf70fb918:   0000020439586d18 0000020439586940
0x000000dcf70fb928:   000000dcf70fba50 0000000000000000
0x000000dcf70fb938:   000000dcf70fbe80 000000dcf70fbda0
0x000000dcf70fb948:   00007ffbffbacf7c 000000dcf70fbda0
0x000000dcf70fb958:   000000dcf70fba01 000000dcf70fbe00
0x000000dcf70fb968:   00000000ffffffff 0000000000000000
0x000000dcf70fb978:   000000dcf70fbac0 0000000000000006
0x000000dcf70fb988:   0000020439586930 000002043f21bbe0
0x000000dcf70fb998:   000002043f2836e0 000002043f2836e0
0x000000dcf70fb9a8:   00000000000c62e8 0000000000000000
0x000000dcf70fb9b8:   0000000000000000 0000000000000000
0x000000dcf70fb9c8:   0000000000000000 0000000000000020
0x000000dcf70fb9d8:   00007ffc00320cf8 0000000000000000
0x000000dcf70fb9e8:   0000000000000000 0000000000000000
0x000000dcf70fb9f8:   00007ffc00320cf8 0000020400000000
0x000000dcf70fba08:   000000000000016c 000002040000000c
0x000000dcf70fba18:   000000dcf70fe6f0 000002043f2aa020
0x000000dcf70fba28:   00000001ffd23a00 000002043f21bbf0
0x000000dcf70fba38:   000000000000096d 000000dcf70fb980
0x000000dcf70fba48:   0000020439586940 00007ffc00320cc8
0x000000dcf70fba58:   000000000000000d 000000dcf70fe6f0
0x000000dcf70fba68:   000000dcf70fbda0 000000dc00000c3f
0x000000dcf70fba78:   0000000000000000 00007ffc0000000a
0x000000dcf70fba88:   000000dcf70fe6f0 000002043f37a0e0
0x000000dcf70fba98:   0000000000000000 000002043f322140 

Instructions: (pc=0x00007ffbffbaf77e)
0x00007ffbffbaf67e:   8b 6c 24 30 84 c0 0f 84 c4 00 00 00 81 8b a8 00
0x00007ffbffbaf68e:   00 00 40 02 00 00 e9 b5 00 00 00 66 44 89 ab 9c
0x00007ffbffbaf69e:   00 00 00 48 8b e8 66 44 89 ab a4 00 00 00 e9 95
0x00007ffbffbaf6ae:   00 00 00 b8 02 00 00 00 66 44 89 ab a4 00 00 00
0x00007ffbffbaf6be:   66 89 83 9c 00 00 00 eb 7a b8 04 00 00 00 66 44
0x00007ffbffbaf6ce:   89 ab a4 00 00 00 66 89 83 9c 00 00 00 eb 64 b8
0x00007ffbffbaf6de:   08 00 00 00 66 44 89 ab a4 00 00 00 66 89 83 9c
0x00007ffbffbaf6ee:   00 00 00 eb 4e b8 10 00 00 00 66 44 89 ab a4 00
0x00007ffbffbaf6fe:   00 00 66 89 83 9c 00 00 00 eb 38 49 8b cf e8 9f
0x00007ffbffbaf70e:   d0 50 00 81 8b a8 00 00 00 40 02 00 00 66 89 83
0x00007ffbffbaf71e:   9c 00 00 00 66 89 83 a4 00 00 00 eb 16 ba cf 03
0x00007ffbffbaf72e:   00 00 48 8d 0d e9 16 77 00 e8 04 7f 08 00 e8 8f
0x00007ffbffbaf73e:   d6 4b 00 48 8b 6c 24 30 48 8b b4 24 a0 00 00 00
0x00007ffbffbaf74e:   44 0f b6 8c 24 a8 00 00 00 41 b8 ff ff ff ff 41
0x00007ffbffbaf75e:   8b 5e 18 89 5c 24 28 44 89 84 24 b8 00 00 00 45
0x00007ffbffbaf76e:   84 c9 74 38 49 8b 06 49 8b ce ff 90 b0 00 00 00
0x00007ffbffbaf77e:   89 84 24 b8 00 00 00 44 8b c0 83 f8 ff 74 14 8b
0x00007ffbffbaf78e:   d0 49 8b ce e8 19 da 3d 00 44 8b c0 89 84 24 b8
0x00007ffbffbaf79e:   00 00 00 44 0f b6 8c 24 a8 00 00 00 44 3b e3 0f
0x00007ffbffbaf7ae:   83 1b 02 00 00 41 8b c4 4c 8d 2c c5 00 00 00 00
0x00007ffbffbaf7be:   66 90 49 8b 46 08 4a 8b 0c 28 48 8b 86 08 01 00
0x00007ffbffbaf7ce:   00 48 63 51 28 8b 1c 90 85 db 0f 84 c7 01 00 00
0x00007ffbffbaf7de:   45 84 c9 74 11 45 3b c4 75 0c 49 8b 06 49 8b ce
0x00007ffbffbaf7ee:   ff 90 e0 00 00 00 80 bc 24 b0 00 00 00 00 74 13
0x00007ffbffbaf7fe:   80 be 18 01 00 00 00 74 0a 45 3b 66 3c 0f 83 94
0x00007ffbffbaf80e:   01 00 00 48 8b 46 70 41 8b d4 48 69 fb b0 00 00
0x00007ffbffbaf81e:   00 49 8b ce 48 03 78 20 49 8b 06 ff 90 80 00 00
0x00007ffbffbaf82e:   00 80 bc 24 a8 00 00 00 00 4c 8b f8 75 2c 49 8b
0x00007ffbffbaf83e:   4e 08 f2 0f 10 4d 08 f2 0f 59 ce 4a 8b 14 29 48
0x00007ffbffbaf84e:   8b 4e 48 44 8b 42 28 48 8b 51 78 4a 8b 0c c2 f2
0x00007ffbffbaf85e:   0f 10 41 08 66 0f 2f c1 77 57 8b 97 90 00 00 00
0x00007ffbffbaf86e:   8b 87 94 00 00 00 3b d0 77 25 0f 1f 84 00 00 00 


Stack slot to memory mapping:
stack at sp + 0 slots: 0x0000000000000002 is an unknown value
stack at sp + 1 slots: 0x000002043f4c6410 points into unknown readable memory: 0x00007ffc0030c530 | 30 c5 30 00 fc 7f 00 00
stack at sp + 2 slots: 0x000000dcf70fbda0 is pointing into the stack for thread: 0x00000204393f7b40
stack at sp + 3 slots: 0x0000020440189be0 points into unknown readable memory: 0x00007ffc0030c530 | 30 c5 30 00 fc 7f 00 00
stack at sp + 4 slots: 0x000000d200000019 is an unknown value
stack at sp + 5 slots: 0x00007ffb00000000 is an unknown value
stack at sp + 6 slots: 0x000002043f4c6410 points into unknown readable memory: 0x00007ffc0030c530 | 30 c5 30 00 fc 7f 00 00
stack at sp + 7 slots: 0x000000dcf70fb980 is pointing into the stack for thread: 0x00000204393f7b40


---------------  P R O C E S S  ---------------

Threads class SMR info:
_java_thread_list=0x000002043f4999d0, length=19, elements={
0x00000204393b9730, 0x00000204393babc0, 0x00000204393f1220, 0x00000204393f3200,
0x00000204393f5bd0, 0x00000204393f6590, 0x00000204393f7b40, 0x00000204393f9b20,
0x0000020439568440, 0x0000020439688040, 0x000002043968af70, 0x000002043e2bbd20,
0x0000020422e1fd30, 0x000002043e2df440, 0x000002043e33fca0, 0x000002043e09a580,
0x000002043e09afa0, 0x000002043e09b9c0, 0x000002043e098c30
}

Java Threads: ( => current thread )
  0x00000204393b9730 JavaThread "Reference Handler" daemon [_thread_blocked, id=3556, stack(0x000000dcf6a00000,0x000000dcf6b00000)]
  0x00000204393babc0 JavaThread "Finalizer" daemon [_thread_blocked, id=3568, stack(0x000000dcf6b00000,0x000000dcf6c00000)]
  0x00000204393f1220 JavaThread "Signal Dispatcher" daemon [_thread_blocked, id=3604, stack(0x000000dcf6c00000,0x000000dcf6d00000)]
  0x00000204393f3200 JavaThread "Attach Listener" daemon [_thread_blocked, id=8392, stack(0x000000dcf6d00000,0x000000dcf6e00000)]
  0x00000204393f5bd0 JavaThread "Service Thread" daemon [_thread_blocked, id=8144, stack(0x000000dcf6e00000,0x000000dcf6f00000)]
  0x00000204393f6590 JavaThread "Monitor Deflation Thread" daemon [_thread_blocked, id=3812, stack(0x000000dcf6f00000,0x000000dcf7000000)]
=>0x00000204393f7b40 JavaThread "C2 CompilerThread0" daemon [_thread_in_native, id=3816, stack(0x000000dcf7000000,0x000000dcf7100000)]
  0x00000204393f9b20 JavaThread "C1 CompilerThread0" daemon [_thread_blocked, id=10080, stack(0x000000dcf7100000,0x000000dcf7200000)]
  0x0000020439568440 JavaThread "Sweeper thread" daemon [_thread_blocked, id=9056, stack(0x000000dcf7200000,0x000000dcf7300000)]
  0x0000020439688040 JavaThread "Common-Cleaner" daemon [_thread_blocked, id=4920, stack(0x000000dcf7300000,0x000000dcf7400000)]
  0x000002043968af70 JavaThread "Notification Thread" daemon [_thread_blocked, id=5152, stack(0x000000dcf7400000,0x000000dcf7500000)]
  0x000002043e2bbd20 JavaThread "pool-1-thread-1" [_thread_in_native, id=1664, stack(0x000000dcf7600000,0x000000dcf7700000)]
  0x0000020422e1fd30 JavaThread "DestroyJavaVM" [_thread_blocked, id=3224, stack(0x000000dcf6300000,0x000000dcf6400000)]
  0x000002043e2df440 JavaThread "ForkJoinPool.commonPool-worker-1" daemon [_thread_in_native, id=4876, stack(0x000000dcf7700000,0x000000dcf7800000)]
  0x000002043e33fca0 JavaThread "ForkJoinPool.commonPool-worker-2" daemon [_thread_blocked, id=2528, stack(0x000000dcf7d00000,0x000000dcf7e00000)]
  0x000002043e09a580 JavaThread "ForkJoinPool.commonPool-worker-3" daemon [_thread_blocked, id=880, stack(0x000000dcf7e00000,0x000000dcf7f00000)]
  0x000002043e09afa0 JavaThread "Exec process" daemon [_thread_blocked, id=4304, stack(0x000000dcf7f00000,0x000000dcf8000000)]
  0x000002043e09b9c0 JavaThread "Exec process Thread 2" daemon [_thread_blocked, id=8360, stack(0x000000dcf8000000,0x000000dcf8100000)]
  0x000002043e098c30 JavaThread "Exec process Thread 3" daemon [_thread_blocked, id=8836, stack(0x000000dcf8100000,0x000000dcf8200000)]

Other Threads:
  0x00000204393670e0 VMThread "VM Thread" [stack: 0x000000dcf6900000,0x000000dcf6a00000] [id=5000]
  0x000002043968b450 WatcherThread [stack: 0x000000dcf7500000,0x000000dcf7600000] [id=5160]
  0x0000020422e59050 GCTaskThread "GC Thread#0" [stack: 0x000000dcf6400000,0x000000dcf6500000] [id=3280]
  0x000002043e342cf0 GCTaskThread "GC Thread#1" [stack: 0x000000dcf7800000,0x000000dcf7900000] [id=4320]
  0x000002043e37b750 GCTaskThread "GC Thread#2" [stack: 0x000000dcf7900000,0x000000dcf7a00000] [id=4616]
  0x000002043e37ba10 GCTaskThread "GC Thread#3" [stack: 0x000000dcf7a00000,0x000000dcf7b00000] [id=4384]
  0x0000020422e62100 ConcurrentGCThread "G1 Main Marker" [stack: 0x000000dcf6500000,0x000000dcf6600000] [id=1272]
  0x0000020422e62b20 ConcurrentGCThread "G1 Conc#0" [stack: 0x000000dcf6600000,0x000000dcf6700000] [id=1116]
  0x0000020422e9e750 ConcurrentGCThread "G1 Refine#0" [stack: 0x000000dcf6700000,0x000000dcf6800000] [id=3284]
  0x000002043e37bcd0 ConcurrentGCThread "G1 Refine#1" [stack: 0x000000dcf7b00000,0x000000dcf7c00000] [id=6352]
  0x0000020422e9f180 ConcurrentGCThread "G1 Service" [stack: 0x000000dcf6800000,0x000000dcf6900000] [id=9200]

Threads with active compile tasks:
C2 CompilerThread0    72097 2708       4       com.google.gson.stream.JsonWriter::string (169 bytes)

VM state: not at safepoint (normal execution)

VM Mutex/Monitor currently owned by a thread: None

Heap address: 0x00000000c3200000, size: 974 MB, Compressed Oops mode: 32-bit

CDS archive(s) not mapped
Compressed class space mapped at: 0x0000000100000000-0x0000000140000000, reserved size: 1073741824
Narrow klass base: 0x0000000000000000, Narrow klass shift: 3, Narrow klass range: 0x140000000

GC Precious Log:
 CPUs: 4 total, 4 available
 Memory: 3895M
 Large Page Support: Disabled
 NUMA Support: Disabled
 Compressed Oops: Enabled (32-bit)
 Heap Region Size: 1M
 Heap Min Capacity: 8M
 Heap Initial Capacity: 62M
 Heap Max Capacity: 974M
 Pre-touch: Disabled
 Parallel Workers: 4
 Concurrent Workers: 1
 Concurrent Refinement Workers: 4
 Periodic GC: Disabled

Heap:
 garbage-first heap   total 63488K, used 34435K [0x00000000c3200000, 0x0000000100000000)
  region size 1024K, 19 young (19456K), 1 survivors (1024K)
 Metaspace       used 24154K, committed 24512K, reserved 1114112K
  class space    used 3030K, committed 3200K, reserved 1048576K

Heap Regions: E=young(eden), S=young(survivor), O=old, HS=humongous(starts), HC=humongous(continues), CS=collection set, F=free, OA=open archive, CA=closed archive, TAMS=top-at-mark-start (previous, next)
|   0|0x00000000c3200000, 0x00000000c3300000, 0x00000000c3300000|100%| O|  |TAMS 0x00000000c3300000, 0x00000000c3200000| Untracked 
|   1|0x00000000c3300000, 0x00000000c3400000, 0x00000000c3400000|100%| O|  |TAMS 0x00000000c3400000, 0x00000000c3300000| Untracked 
|   2|0x00000000c3400000, 0x00000000c3500000, 0x00000000c3500000|100%|HS|  |TAMS 0x00000000c3500000, 0x00000000c3400000| Complete 
|   3|0x00000000c3500000, 0x00000000c3600000, 0x00000000c3600000|100%|HC|  |TAMS 0x00000000c3600000, 0x00000000c3500000| Complete 
|   4|0x00000000c3600000, 0x00000000c3700000, 0x00000000c3700000|100%|HC|  |TAMS 0x00000000c3700000, 0x00000000c3600000| Complete 
|   5|0x00000000c3700000, 0x00000000c3800000, 0x00000000c3800000|100%| O|  |TAMS 0x00000000c3800000, 0x00000000c3700000| Untracked 
|   6|0x00000000c3800000, 0x00000000c3900000, 0x00000000c3900000|100%| O|  |TAMS 0x00000000c3900000, 0x00000000c3800000| Untracked 
|   7|0x00000000c3900000, 0x00000000c3a00000, 0x00000000c3a00000|100%| O|  |TAMS 0x00000000c3a00000, 0x00000000c3900000| Untracked 
|   8|0x00000000c3a00000, 0x00000000c3b00000, 0x00000000c3b00000|100%| O|  |TAMS 0x00000000c3b00000, 0x00000000c3a00000| Untracked 
|   9|0x00000000c3b00000, 0x00000000c3c00000, 0x00000000c3c00000|100%| O|  |TAMS 0x00000000c3c00000, 0x00000000c3b00000| Complete 
|  10|0x00000000c3c00000, 0x00000000c3d00000, 0x00000000c3d00000|100%| O|  |TAMS 0x00000000c3d00000, 0x00000000c3c00000| Untracked 
|  11|0x00000000c3d00000, 0x00000000c3e00000, 0x00000000c3e00000|100%| O|  |TAMS 0x00000000c3e00000, 0x00000000c3d00000| Untracked 
|  12|0x00000000c3e00000, 0x00000000c3f00000, 0x00000000c3f00000|100%| O|  |TAMS 0x00000000c3e00000, 0x00000000c3e00000| Untracked 
|  13|0x00000000c3f00000, 0x00000000c4000000, 0x00000000c4000000|100%| O|  |TAMS 0x00000000c3f96400, 0x00000000c3f00000| Untracked 
|  14|0x00000000c4000000, 0x00000000c4100000, 0x00000000c4100000|100%| O|  |TAMS 0x00000000c4000000, 0x00000000c4000000| Untracked 
|  15|0x00000000c4100000, 0x00000000c4200000, 0x00000000c4200000|100%| O|  |TAMS 0x00000000c4100000, 0x00000000c4100000| Untracked 
|  16|0x00000000c4200000, 0x00000000c42cec00, 0x00000000c4300000| 80%| O|  |TAMS 0x00000000c4200000, 0x00000000c4200000| Untracked 
|  17|0x00000000c4300000, 0x00000000c4300000, 0x00000000c4400000|  0%| F|  |TAMS 0x00000000c4300000, 0x00000000c4300000| Untracked 
|  18|0x00000000c4400000, 0x00000000c4400000, 0x00000000c4500000|  0%| F|  |TAMS 0x00000000c4400000, 0x00000000c4400000| Untracked 
|  19|0x00000000c4500000, 0x00000000c4500000, 0x00000000c4600000|  0%| F|  |TAMS 0x00000000c4500000, 0x00000000c4500000| Untracked 
|  20|0x00000000c4600000, 0x00000000c4600000, 0x00000000c4700000|  0%| F|  |TAMS 0x00000000c4600000, 0x00000000c4600000| Untracked 
|  21|0x00000000c4700000, 0x00000000c4700000, 0x00000000c4800000|  0%| F|  |TAMS 0x00000000c4700000, 0x00000000c4700000| Untracked 
|  22|0x00000000c4800000, 0x00000000c4800000, 0x00000000c4900000|  0%| F|  |TAMS 0x00000000c4800000, 0x00000000c4800000| Untracked 
|  23|0x00000000c4900000, 0x00000000c4900000, 0x00000000c4a00000|  0%| F|  |TAMS 0x00000000c4900000, 0x00000000c4900000| Untracked 
|  24|0x00000000c4a00000, 0x00000000c4a00000, 0x00000000c4b00000|  0%| F|  |TAMS 0x00000000c4a00000, 0x00000000c4a00000| Untracked 
|  25|0x00000000c4b00000, 0x00000000c4b00000, 0x00000000c4c00000|  0%| F|  |TAMS 0x00000000c4b00000, 0x00000000c4b00000| Untracked 
|  26|0x00000000c4c00000, 0x00000000c4c00000, 0x00000000c4d00000|  0%| F|  |TAMS 0x00000000c4c00000, 0x00000000c4c00000| Untracked 
|  27|0x00000000c4d00000, 0x00000000c4d00000, 0x00000000c4e00000|  0%| F|  |TAMS 0x00000000c4d00000, 0x00000000c4d00000| Untracked 
|  28|0x00000000c4e00000, 0x00000000c4e00000, 0x00000000c4f00000|  0%| F|  |TAMS 0x00000000c4e00000, 0x00000000c4e00000| Untracked 
|  29|0x00000000c4f00000, 0x00000000c4f00000, 0x00000000c5000000|  0%| F|  |TAMS 0x00000000c4f00000, 0x00000000c4f00000| Untracked 
|  30|0x00000000c5000000, 0x00000000c5000000, 0x00000000c5100000|  0%| F|  |TAMS 0x00000000c5000000, 0x00000000c5000000| Untracked 
|  31|0x00000000c5100000, 0x00000000c5100000, 0x00000000c5200000|  0%| F|  |TAMS 0x00000000c5100000, 0x00000000c5100000| Untracked 
|  32|0x00000000c5200000, 0x00000000c5200000, 0x00000000c5300000|  0%| F|  |TAMS 0x00000000c5200000, 0x00000000c5200000| Untracked 
|  33|0x00000000c5300000, 0x00000000c5300000, 0x00000000c5400000|  0%| F|  |TAMS 0x00000000c5300000, 0x00000000c5300000| Untracked 
|  34|0x00000000c5400000, 0x00000000c5400000, 0x00000000c5500000|  0%| F|  |TAMS 0x00000000c5400000, 0x00000000c5400000| Untracked 
|  35|0x00000000c5500000, 0x00000000c5500000, 0x00000000c5600000|  0%| F|  |TAMS 0x00000000c5500000, 0x00000000c5500000| Untracked 
|  36|0x00000000c5600000, 0x00000000c5600000, 0x00000000c5700000|  0%| F|  |TAMS 0x00000000c5600000, 0x00000000c5600000| Untracked 
|  37|0x00000000c5700000, 0x00000000c5700000, 0x00000000c5800000|  0%| F|  |TAMS 0x00000000c5700000, 0x00000000c5700000| Untracked 
|  38|0x00000000c5800000, 0x00000000c5800000, 0x00000000c5900000|  0%| F|  |TAMS 0x00000000c5800000, 0x00000000c5800000| Untracked 
|  39|0x00000000c5900000, 0x00000000c5900000, 0x00000000c5a00000|  0%| F|  |TAMS 0x00000000c5900000, 0x00000000c5900000| Untracked 
|  40|0x00000000c5a00000, 0x00000000c5a00000, 0x00000000c5b00000|  0%| F|  |TAMS 0x00000000c5a00000, 0x00000000c5a00000| Untracked 
|  41|0x00000000c5b00000, 0x00000000c5b00000, 0x00000000c5c00000|  0%| F|  |TAMS 0x00000000c5b00000, 0x00000000c5b00000| Untracked 
|  42|0x00000000c5c00000, 0x00000000c5c00000, 0x00000000c5d00000|  0%| F|  |TAMS 0x00000000c5c00000, 0x00000000c5c00000| Untracked 
|  43|0x00000000c5d00000, 0x00000000c5d2a940, 0x00000000c5e00000| 16%| E|  |TAMS 0x00000000c5d00000, 0x00000000c5d00000| Complete 
|  44|0x00000000c5e00000, 0x00000000c5ef9a08, 0x00000000c5f00000| 97%| E|  |TAMS 0x00000000c5e00000, 0x00000000c5e00000| Complete 
|  45|0x00000000c5f00000, 0x00000000c6000000, 0x00000000c6000000|100%| E|CS|TAMS 0x00000000c5f00000, 0x00000000c5f00000| Complete 
|  46|0x00000000c6000000, 0x00000000c6100000, 0x00000000c6100000|100%| E|CS|TAMS 0x00000000c6000000, 0x00000000c6000000| Complete 
|  47|0x00000000c6100000, 0x00000000c61d2120, 0x00000000c6200000| 82%| S|CS|TAMS 0x00000000c6100000, 0x00000000c6100000| Complete 
|  48|0x00000000c6200000, 0x00000000c6300000, 0x00000000c6300000|100%| E|CS|TAMS 0x00000000c6200000, 0x00000000c6200000| Complete 
|  49|0x00000000c6300000, 0x00000000c6400000, 0x00000000c6400000|100%| E|CS|TAMS 0x00000000c6300000, 0x00000000c6300000| Complete 
|  50|0x00000000c6400000, 0x00000000c6500000, 0x00000000c6500000|100%| E|CS|TAMS 0x00000000c6400000, 0x00000000c6400000| Complete 
|  51|0x00000000c6500000, 0x00000000c6600000, 0x00000000c6600000|100%| E|CS|TAMS 0x00000000c6500000, 0x00000000c6500000| Complete 
|  52|0x00000000c6600000, 0x00000000c6700000, 0x00000000c6700000|100%| E|CS|TAMS 0x00000000c6600000, 0x00000000c6600000| Complete 
|  53|0x00000000c6700000, 0x00000000c6800000, 0x00000000c6800000|100%| E|CS|TAMS 0x00000000c6700000, 0x00000000c6700000| Complete 
|  54|0x00000000c6800000, 0x00000000c6900000, 0x00000000c6900000|100%| E|CS|TAMS 0x00000000c6800000, 0x00000000c6800000| Complete 
|  55|0x00000000c6900000, 0x00000000c6a00000, 0x00000000c6a00000|100%| E|CS|TAMS 0x00000000c6900000, 0x00000000c6900000| Complete 
|  56|0x00000000c6a00000, 0x00000000c6b00000, 0x00000000c6b00000|100%| E|CS|TAMS 0x00000000c6a00000, 0x00000000c6a00000| Complete 
|  57|0x00000000c6b00000, 0x00000000c6c00000, 0x00000000c6c00000|100%| E|CS|TAMS 0x00000000c6b00000, 0x00000000c6b00000| Complete 
|  58|0x00000000c6c00000, 0x00000000c6d00000, 0x00000000c6d00000|100%| E|CS|TAMS 0x00000000c6c00000, 0x00000000c6c00000| Complete 
|  59|0x00000000c6d00000, 0x00000000c6e00000, 0x00000000c6e00000|100%| E|CS|TAMS 0x00000000c6d00000, 0x00000000c6d00000| Complete 
|  60|0x00000000c6e00000, 0x00000000c6f00000, 0x00000000c6f00000|100%| E|CS|TAMS 0x00000000c6e00000, 0x00000000c6e00000| Complete 
|  61|0x00000000c6f00000, 0x00000000c7000000, 0x00000000c7000000|100%| E|CS|TAMS 0x00000000c6f00000, 0x00000000c6f00000| Complete 

Card table byte_map: [0x0000020434cb0000,0x0000020434ea0000] _byte_map_base: 0x0000020434697000

Marking Bits (Prev, Next): (CMBitMap*) 0x0000020422e596b0, (CMBitMap*) 0x0000020422e59670
 Prev Bits: [0x0000020435fd0000, 0x0000020436f08000)
 Next Bits: [0x0000020435090000, 0x0000020435fc8000)

Polling page: 0x0000020420ce0000

Metaspace:

Usage:
  Non-class:     20.63 MB used.
      Class:      2.96 MB used.
       Both:     23.59 MB used.

Virtual space:
  Non-class space:       64.00 MB reserved,      20.81 MB ( 33%) committed,  1 nodes.
      Class space:        1.00 GB reserved,       3.12 MB ( <1%) committed,  1 nodes.
             Both:        1.06 GB reserved,      23.94 MB (  2%) committed. 

Chunk freelists:
   Non-Class:  10.41 MB
       Class:  12.91 MB
        Both:  23.32 MB

MaxMetaspaceSize: unlimited
CompressedClassSpaceSize: 1.00 GB
Initial GC threshold: 21.00 MB
Current GC threshold: 35.31 MB
CDS: off
MetaspaceReclaimPolicy: balanced
 - commit_granule_bytes: 65536.
 - commit_granule_words: 8192.
 - virtual_space_node_default_size: 8388608.
 - enlarge_chunks_in_place: 1.
 - new_chunks_are_fully_committed: 0.
 - uncommit_free_chunks: 1.
 - use_allocation_guard: 0.
 - handle_deallocations: 1.


Internal statistics:

num_allocs_failed_limit: 3.
num_arena_births: 268.
num_arena_deaths: 0.
num_vsnodes_births: 2.
num_vsnodes_deaths: 0.
num_space_committed: 383.
num_space_uncommitted: 0.
num_chunks_returned_to_freelist: 3.
num_chunks_taken_from_freelist: 820.
num_chunk_merges: 0.
num_chunk_splits: 499.
num_chunks_enlarged: 311.
num_inconsistent_stats: 0.

CodeHeap 'non-profiled nmethods': size=120000Kb used=1236Kb max_used=1236Kb free=118763Kb
 bounds [0x000002042d590000, 0x000002042d800000, 0x0000020434ac0000]
CodeHeap 'profiled nmethods': size=120000Kb used=5674Kb max_used=5674Kb free=114326Kb
 bounds [0x0000020425ac0000, 0x0000020426050000, 0x000002042cff0000]
CodeHeap 'non-nmethods': size=5760Kb used=1196Kb max_used=1212Kb free=4564Kb
 bounds [0x000002042cff0000, 0x000002042d260000, 0x000002042d590000]
 total_blobs=3226 nmethods=2729 adapters=410
 compilation: enabled
              stopped_count=0, restarted_count=0
 full_count=0

Compilation events (20 events):
Event: 71.921 Thread 0x00000204393f9b20 nmethod 2704 0x000002042603ce10 code [0x000002042603cfc0, 0x000002042603d378]
Event: 71.921 Thread 0x00000204393f9b20 2705       3       com.google.gson.reflect.TypeToken::equals (30 bytes)
Event: 71.921 Thread 0x00000204393f9b20 nmethod 2705 0x000002042603d490 code [0x000002042603d640, 0x000002042603d9e8]
Event: 71.922 Thread 0x00000204393f9b20 2706       3       com.google.gson.stream.JsonWriter::open (19 bytes)
Event: 71.922 Thread 0x00000204393f9b20 nmethod 2706 0x000002042603db10 code [0x000002042603dcc0, 0x000002042603df28]
Event: 71.922 Thread 0x00000204393f9b20 2707       3       com.google.gson.stream.JsonWriter::close (95 bytes)
Event: 71.923 Thread 0x00000204393f9b20 nmethod 2707 0x000002042603e090 code [0x000002042603e320, 0x000002042603edd8]
Event: 71.924 Thread 0x00000204393f7b40 2708       4       com.google.gson.stream.JsonWriter::string (169 bytes)
Event: 71.925 Thread 0x00000204393f9b20 2709       1       com.google.gson.stream.JsonWriter::isLenient (5 bytes)
Event: 71.925 Thread 0x00000204393f9b20 nmethod 2709 0x000002042d6c4190 code [0x000002042d6c4320, 0x000002042d6c43f8]
Event: 71.925 Thread 0x00000204393f9b20 2710       1       com.google.gson.stream.JsonWriter::isHtmlSafe (5 bytes)
Event: 71.925 Thread 0x00000204393f9b20 nmethod 2710 0x000002042d6c4490 code [0x000002042d6c4620, 0x000002042d6c46f8]
Event: 71.925 Thread 0x00000204393f9b20 2711       1       com.google.gson.stream.JsonWriter::getSerializeNulls (5 bytes)
Event: 71.925 Thread 0x00000204393f9b20 nmethod 2711 0x000002042d6c4790 code [0x000002042d6c4920, 0x000002042d6c49f8]
Event: 71.926 Thread 0x00000204393f9b20 2712       3       com.google.gson.stream.JsonWriter::beginObject (12 bytes)
Event: 71.926 Thread 0x00000204393f9b20 nmethod 2712 0x000002042603f210 code [0x000002042603f400, 0x000002042603f7e8]
Event: 71.926 Thread 0x00000204393f9b20 2713       3       com.google.gson.stream.JsonWriter::endObject (9 bytes)
Event: 71.926 Thread 0x00000204393f9b20 nmethod 2713 0x000002042603f990 code [0x000002042603fb20, 0x000002042603fc68]
Event: 71.926 Thread 0x00000204393f9b20 2714   !   3       com.google.gson.internal.bind.ReflectiveTypeAdapterFactory$Adapter::write (75 bytes)
Event: 71.927 Thread 0x00000204393f9b20 nmethod 2714 0x000002042603fd10 code [0x000002042603ffc0, 0x0000020426040d88]

GC Heap History (10 events):
Event: 3.782 GC heap before
{Heap before GC invocations=0 (full 0):
 garbage-first heap   total 63488K, used 12288K [0x00000000c3200000, 0x0000000100000000)
  region size 1024K, 13 young (13312K), 0 survivors (0K)
 Metaspace       used 12657K, committed 12800K, reserved 1114112K
  class space    used 1331K, committed 1408K, reserved 1048576K
}
Event: 3.797 GC heap after
{Heap after GC invocations=1 (full 0):
 garbage-first heap   total 63488K, used 3672K [0x00000000c3200000, 0x0000000100000000)
  region size 1024K, 2 young (2048K), 2 survivors (2048K)
 Metaspace       used 12657K, committed 12800K, reserved 1114112K
  class space    used 1331K, committed 1408K, reserved 1048576K
}
Event: 21.056 GC heap before
{Heap before GC invocations=1 (full 0):
 garbage-first heap   total 63488K, used 16984K [0x00000000c3200000, 0x0000000100000000)
  region size 1024K, 13 young (13312K), 2 survivors (2048K)
 Metaspace       used 14570K, committed 14720K, reserved 1114112K
  class space    used 1603K, committed 1664K, reserved 1048576K
}
Event: 21.062 GC heap after
{Heap after GC invocations=2 (full 0):
 garbage-first heap   total 63488K, used 11564K [0x00000000c3200000, 0x0000000100000000)
  region size 1024K, 2 young (2048K), 2 survivors (2048K)
 Metaspace       used 14570K, committed 14720K, reserved 1114112K
  class space    used 1603K, committed 1664K, reserved 1048576K
}
Event: 23.687 GC heap before
{Heap before GC invocations=2 (full 0):
 garbage-first heap   total 63488K, used 31020K [0x00000000c3200000, 0x0000000100000000)
  region size 1024K, 21 young (21504K), 2 survivors (2048K)
 Metaspace       used 16411K, committed 16640K, reserved 1114112K
  class space    used 1895K, committed 2048K, reserved 1048576K
}
Event: 23.691 GC heap after
{Heap after GC invocations=3 (full 0):
 garbage-first heap   total 63488K, used 12479K [0x00000000c3200000, 0x0000000100000000)
  region size 1024K, 1 young (1024K), 1 survivors (1024K)
 Metaspace       used 16411K, committed 16640K, reserved 1114112K
  class space    used 1895K, committed 2048K, reserved 1048576K
}
Event: 35.579 GC heap before
{Heap before GC invocations=3 (full 0):
 garbage-first heap   total 63488K, used 40127K [0x00000000c3200000, 0x0000000100000000)
  region size 1024K, 28 young (28672K), 1 survivors (1024K)
 Metaspace       used 17592K, committed 17856K, reserved 1114112K
  class space    used 2107K, committed 2240K, reserved 1048576K
}
Event: 35.585 GC heap after
{Heap after GC invocations=4 (full 0):
 garbage-first heap   total 63488K, used 16985K [0x00000000c3200000, 0x0000000100000000)
  region size 1024K, 4 young (4096K), 4 survivors (4096K)
 Metaspace       used 17592K, committed 17856K, reserved 1114112K
  class space    used 2107K, committed 2240K, reserved 1048576K
}
Event: 37.255 GC heap before
{Heap before GC invocations=4 (full 0):
 garbage-first heap   total 63488K, used 30297K [0x00000000c3200000, 0x0000000100000000)
  region size 1024K, 18 young (18432K), 4 survivors (4096K)
 Metaspace       used 21338K, committed 21504K, reserved 1114112K
  class space    used 2677K, committed 2752K, reserved 1048576K
}
Event: 37.260 GC heap after
{Heap after GC invocations=5 (full 0):
 garbage-first heap   total 63488K, used 18051K [0x00000000c3200000, 0x0000000100000000)
  region size 1024K, 1 young (1024K), 1 survivors (1024K)
 Metaspace       used 21338K, committed 21504K, reserved 1114112K
  class space    used 2677K, committed 2752K, reserved 1048576K
}

Dll operation events (11 events):
Event: 0.012 Loaded shared library C:\Users\asv\.vscode\extensions\redhat.java-1.30.0-win32-x64\jre\17.0.10-win32-x86_64\bin\java.dll
Event: 0.524 Loaded shared library C:\Users\asv\.vscode\extensions\redhat.java-1.30.0-win32-x64\jre\17.0.10-win32-x86_64\bin\net.dll
Event: 0.529 Loaded shared library C:\Users\asv\.vscode\extensions\redhat.java-1.30.0-win32-x64\jre\17.0.10-win32-x86_64\bin\nio.dll
Event: 0.562 Loaded shared library C:\Users\asv\.vscode\extensions\redhat.java-1.30.0-win32-x64\jre\17.0.10-win32-x86_64\bin\zip.dll
Event: 0.862 Loaded shared library C:\Users\asv\.vscode\extensions\redhat.java-1.30.0-win32-x64\jre\17.0.10-win32-x86_64\bin\jimage.dll
Event: 3.730 Loaded shared library C:\Users\asv\.vscode\extensions\redhat.java-1.30.0-win32-x64\jre\17.0.10-win32-x86_64\bin\verify.dll
Event: 21.388 Loaded shared library C:\Users\asv\.gradle\native\e1d6ef7f7dcc3fd88c89a11ec53ec762bb8ba0a96d01ffa2cd45eb1d1d8dd5c5\windows-amd64\native-platform.dll
Event: 35.776 Loaded shared library C:\Users\asv\.vscode\extensions\redhat.java-1.30.0-win32-x64\jre\17.0.10-win32-x86_64\bin\management.dll
Event: 35.786 Loaded shared library C:\Users\asv\.vscode\extensions\redhat.java-1.30.0-win32-x64\jre\17.0.10-win32-x86_64\bin\management_ext.dll
Event: 37.291 Loaded shared library C:\Users\asv\.vscode\extensions\redhat.java-1.30.0-win32-x64\jre\17.0.10-win32-x86_64\bin\extnet.dll
Event: 42.792 Loaded shared library C:\Users\asv\.vscode\extensions\redhat.java-1.30.0-win32-x64\jre\17.0.10-win32-x86_64\bin\sunmscapi.dll

Deoptimization events (20 events):
Event: 67.289 Thread 0x000002043e099650 DEOPT PACKING pc=0x0000020425f0bf4b sp=0x000000dcf7cfa530
Event: 67.289 Thread 0x000002043e099650 DEOPT UNPACKING pc=0x000002042d047124 sp=0x000000dcf7cf99e0 mode 0
Event: 67.290 Thread 0x000002043e099650 DEOPT PACKING pc=0x0000020425f3b25e sp=0x000000dcf7cfa620
Event: 67.290 Thread 0x000002043e099650 DEOPT UNPACKING pc=0x000002042d047124 sp=0x000000dcf7cf9ae0 mode 0
Event: 67.293 Thread 0x000002043e099650 DEOPT PACKING pc=0x0000020425f0bf4b sp=0x000000dcf7cfa520
Event: 67.293 Thread 0x000002043e099650 DEOPT UNPACKING pc=0x000002042d047124 sp=0x000000dcf7cf99d0 mode 0
Event: 67.296 Thread 0x000002043e099650 DEOPT PACKING pc=0x0000020425f3b25e sp=0x000000dcf7cfa610
Event: 67.296 Thread 0x000002043e099650 DEOPT UNPACKING pc=0x000002042d047124 sp=0x000000dcf7cf9ad0 mode 0
Event: 67.509 Thread 0x000002043e2df440 Uncommon trap: trap_request=0xffffff45 fr.pc=0x000002042d672750 relative=0x00000000000062b0
Event: 67.509 Thread 0x000002043e2df440 Uncommon trap: reason=unstable_if action=reinterpret pc=0x000002042d672750 method=jdk.internal.org.objectweb.asm.Frame.execute(IILjdk/internal/org/objectweb/asm/Symbol;Ljdk/internal/org/objectweb/asm/SymbolTable;)V @ 1 c2
Event: 67.509 Thread 0x000002043e2df440 DEOPT PACKING pc=0x000002042d672750 sp=0x000000dcf77fd540
Event: 67.509 Thread 0x000002043e2df440 DEOPT UNPACKING pc=0x000002042d04699d sp=0x000000dcf77fd4e8 mode 2
Event: 67.517 Thread 0x000002043e2df440 Uncommon trap: trap_request=0xffffff45 fr.pc=0x000002042d610a04 relative=0x00000000000001e4
Event: 67.517 Thread 0x000002043e2df440 Uncommon trap: reason=unstable_if action=reinterpret pc=0x000002042d610a04 method=java.net.URI$Parser.scan(IILjava/lang/String;)I @ 26 c2
Event: 67.518 Thread 0x000002043e2df440 DEOPT PACKING pc=0x000002042d610a04 sp=0x000000dcf77fe970
Event: 67.519 Thread 0x000002043e2df440 DEOPT UNPACKING pc=0x000002042d04699d sp=0x000000dcf77fe900 mode 2
Event: 67.523 Thread 0x000002043e2df440 Uncommon trap: trap_request=0xffffff45 fr.pc=0x000002042d64e144 relative=0x00000000000001a4
Event: 67.523 Thread 0x000002043e2df440 Uncommon trap: reason=unstable_if action=reinterpret pc=0x000002042d64e144 method=java.net.URI.quote(Ljava/lang/String;JJ)Ljava/lang/String; @ 56 c2
Event: 67.523 Thread 0x000002043e2df440 DEOPT PACKING pc=0x000002042d64e144 sp=0x000000dcf77fe930
Event: 67.523 Thread 0x000002043e2df440 DEOPT UNPACKING pc=0x000002042d04699d sp=0x000000dcf77fe8a0 mode 2

Classes unloaded (0 events):
No events

Classes redefined (0 events):
No events

Internal exceptions (20 events):
Event: 55.117 Thread 0x000002043e099650 Exception <a 'java/lang/NoSuchMethodError'{0x00000000c67b8dc8}: static Lorg/gradle/internal/build/event/types/DefaultOperationStartedProgressEvent;.<clinit>()V> (0x00000000c67b8dc8) 
thrown [s\src\hotspot\share\prims\jni.cpp, line 1107]
Event: 55.121 Thread 0x000002043e099650 Exception <a 'java/lang/NoSuchMethodError'{0x00000000c67cb1a0}: static Lorg/gradle/internal/build/event/types/DefaultOperationDescriptor;.<clinit>()V> (0x00000000c67cb1a0) 
thrown [s\src\hotspot\share\prims\jni.cpp, line 1107]
Event: 55.122 Thread 0x000002043e099650 Exception <a 'java/lang/NoSuchMethodError'{0x00000000c67d5d58}: static Lorg/gradle/internal/build/event/types/DefaultProjectConfigurationDescriptor;.<clinit>()V> (0x00000000c67d5d58) 
thrown [s\src\hotspot\share\prims\jni.cpp, line 1107]
Event: 55.124 Thread 0x000002043e099650 Exception <a 'java/lang/NoSuchMethodError'{0x00000000c67df040}: static Lorg/gradle/internal/operations/OperationIdentifier;.<clinit>()V> (0x00000000c67df040) 
thrown [s\src\hotspot\share\prims\jni.cpp, line 1107]
Event: 58.645 Thread 0x000002043e099650 Exception <a 'java/lang/NoSuchMethodError'{0x00000000c6619558}: static Lorg/gradle/internal/build/event/types/DefaultOperationFinishedProgressEvent;.<clinit>()V> (0x00000000c6619558) 
thrown [s\src\hotspot\share\prims\jni.cpp, line 1107]
Event: 58.649 Thread 0x000002043e099650 Exception <a 'java/lang/NoSuchMethodError'{0x00000000c6630218}: static Lorg/gradle/internal/build/event/types/AbstractResult;.<clinit>()V> (0x00000000c6630218) 
thrown [s\src\hotspot\share\prims\jni.cpp, line 1107]
Event: 58.651 Thread 0x000002043e099650 Exception <a 'java/lang/NoSuchMethodError'{0x00000000c66392f0}: static Lorg/gradle/internal/build/event/types/AbstractOperationResult;.<clinit>()V> (0x00000000c66392f0) 
thrown [s\src\hotspot\share\prims\jni.cpp, line 1107]
Event: 58.653 Thread 0x000002043e099650 Exception <a 'java/lang/NoSuchMethodError'{0x00000000c66433a8}: static Lorg/gradle/internal/build/event/types/AbstractProjectConfigurationResult;.<clinit>()V> (0x00000000c66433a8) 
thrown [s\src\hotspot\share\prims\jni.cpp, line 1107]
Event: 58.654 Thread 0x000002043e099650 Exception <a 'java/lang/NoSuchMethodError'{0x00000000c664e160}: static Lorg/gradle/internal/build/event/types/DefaultProjectConfigurationSuccessResult;.<clinit>()V> (0x00000000c664e160) 
thrown [s\src\hotspot\share\prims\jni.cpp, line 1107]
Event: 58.661 Thread 0x000002043e099650 Exception <a 'java/lang/NoSuchMethodError'{0x00000000c666ba08}: static Lorg/gradle/internal/build/event/types/DefaultPluginApplicationResult;.<clinit>()V> (0x00000000c666ba08) 
thrown [s\src\hotspot\share\prims\jni.cpp, line 1107]
Event: 58.664 Thread 0x000002043e099650 Exception <a 'java/lang/NoSuchMethodError'{0x00000000c667cbb0}: static Lorg/gradle/internal/build/event/types/DefaultBinaryPluginIdentifier;.<clinit>()V> (0x00000000c667cbb0) 
thrown [s\src\hotspot\share\prims\jni.cpp, line 1107]
Event: 58.668 Thread 0x000002043e099650 Exception <a 'java/lang/NoSuchMethodError'{0x00000000c6690078}: static Lorg/gradle/internal/build/event/types/DefaultScriptPluginIdentifier;.<clinit>()V> (0x00000000c6690078) 
thrown [s\src\hotspot\share\prims\jni.cpp, line 1107]
Event: 66.993 Thread 0x000002043e099650 Exception <a 'java/lang/NoSuchMethodError'{0x00000000c66f8a68}: static Lorg/gradle/tooling/internal/provider/serialization/ClassLoaderDetails;.<clinit>()V> (0x00000000c66f8a68) 
thrown [s\src\hotspot\share\prims\jni.cpp, line 1107]
Event: 66.994 Thread 0x000002043e099650 Exception <a 'java/lang/NoSuchMethodError'{0x00000000c6502f98}: static Lorg/gradle/internal/classloader/ClassLoaderSpec;.<clinit>()V> (0x00000000c6502f98) 
thrown [s\src\hotspot\share\prims\jni.cpp, line 1107]
Event: 66.996 Thread 0x000002043e099650 Exception <a 'java/lang/NoSuchMethodError'{0x00000000c6510608}: static Lorg/gradle/tooling/internal/provider/serialization/WellKnownClassLoaderRegistry$KnownClassLoaderSpec;.<clinit>()V> (0x00000000c6510608) 
thrown [s\src\hotspot\share\prims\jni.cpp, line 1107]
Event: 67.000 Thread 0x000002043e099650 Exception <a 'java/lang/NoSuchMethodError'{0x00000000c652b380}: static Lorg/gradle/internal/classloader/ClassLoaderSpec;.<clinit>()V> (0x00000000c652b380) 
thrown [s\src\hotspot\share\prims\jni.cpp, line 1107]
Event: 67.003 Thread 0x000002043e099650 Exception <a 'java/lang/NoSuchMethodError'{0x00000000c653b838}: static Lorg/gradle/internal/classloader/VisitableURLClassLoader$Spec;.<clinit>()V> (0x00000000c653b838) 
thrown [s\src\hotspot\share\prims\jni.cpp, line 1107]
Event: 67.083 Thread 0x000002043e099650 Exception <a 'java/lang/NoSuchMethodError'{0x00000000c65e1350}: static Lorg/gradle/internal/classloader/FilteringClassLoader$Spec;.<clinit>()V> (0x00000000c65e1350) 
thrown [s\src\hotspot\share\prims\jni.cpp, line 1107]
Event: 67.094 Thread 0x000002043e099650 Exception <a 'java/lang/NoSuchMethodError'{0x00000000c65feff0}: static Lorg/gradle/internal/classloader/CachingClassLoader$Spec;.<clinit>()V> (0x00000000c65feff0) 
thrown [s\src\hotspot\share\prims\jni.cpp, line 1107]
Event: 67.797 Thread 0x000002043e2bbd20 Exception <a 'java/lang/NoSuchMethodError'{0x00000000c5fa6860}: 'void java.lang.invoke.DirectMethodHandle$Holder.invokeVirtual(java.lang.Object, java.lang.Object)'> (0x00000000c5fa6860) 
thrown [s\src\hotspot\share\interpreter\linkResolver.cpp, line 759]

VM Operations (20 events):
Event: 62.099 Executing VM operation: Cleanup
Event: 62.099 Executing VM operation: Cleanup done
Event: 63.114 Executing VM operation: Cleanup
Event: 63.114 Executing VM operation: Cleanup done
Event: 65.119 Executing VM operation: Cleanup
Event: 65.120 Executing VM operation: Cleanup done
Event: 66.133 Executing VM operation: Cleanup
Event: 66.133 Executing VM operation: Cleanup done
Event: 67.102 Executing VM operation: HandshakeAllThreads
Event: 67.105 Executing VM operation: HandshakeAllThreads done
Event: 67.527 Executing VM operation: HandshakeAllThreads
Event: 67.527 Executing VM operation: HandshakeAllThreads done
Event: 67.527 Executing VM operation: Cleanup
Event: 67.527 Executing VM operation: Cleanup done
Event: 68.531 Executing VM operation: Cleanup
Event: 68.531 Executing VM operation: Cleanup done
Event: 70.551 Executing VM operation: Cleanup
Event: 70.551 Executing VM operation: Cleanup done
Event: 71.567 Executing VM operation: Cleanup
Event: 71.582 Executing VM operation: Cleanup done

Events (20 events):
Event: 67.342 loading class java/util/Spliterators$IteratorSpliterator done
Event: 67.504 Thread 0x000002043e099650 Thread exited: 0x000002043e099650
Event: 67.513 loading class java/lang/invoke/MethodHandles$1
Event: 67.513 loading class java/lang/invoke/MethodHandles$1 done
Event: 67.513 loading class java/lang/invoke/BoundMethodHandle$Species_LJ
Event: 67.513 loading class java/lang/invoke/BoundMethodHandle$Species_LJ done
Event: 67.516 loading class java/lang/invoke/LambdaFormEditor$1
Event: 67.516 loading class java/lang/invoke/LambdaFormEditor$1 done
Event: 67.524 loading class java/util/HashMap$KeySpliterator
Event: 67.525 loading class java/util/HashMap$KeySpliterator done
Event: 67.526 loading class java/util/stream/DistinctOps
Event: 67.526 loading class java/util/stream/DistinctOps done
Event: 67.526 loading class java/util/stream/DistinctOps$1
Event: 67.526 loading class java/util/stream/DistinctOps$1 done
Event: 67.527 loading class java/util/stream/DistinctOps$1$2
Event: 67.527 loading class java/util/stream/DistinctOps$1$2 done
Event: 67.531 loading class jdk/internal/reflect/UnsafeQualifiedObjectFieldAccessorImpl
Event: 67.531 loading class jdk/internal/reflect/UnsafeQualifiedObjectFieldAccessorImpl done
Event: 67.806 loading class java/util/concurrent/CompletableFuture$AsyncRun
Event: 67.806 loading class java/util/concurrent/CompletableFuture$AsyncRun done


Dynamic libraries:
0x00007ff68c670000 - 0x00007ff68c67e000 	C:\Users\asv\.vscode\extensions\redhat.java-1.30.0-win32-x64\jre\17.0.10-win32-x86_64\bin\java.exe
0x00007ffc2f990000 - 0x00007ffc2fb88000 	C:\Windows\SYSTEM32\ntdll.dll
0x00007ffc2f600000 - 0x00007ffc2f6bd000 	C:\Windows\System32\KERNEL32.DLL
0x00007ffc2d510000 - 0x00007ffc2d806000 	C:\Windows\System32\KERNELBASE.dll
0x00007ffc2d360000 - 0x00007ffc2d460000 	C:\Windows\System32\ucrtbase.dll
0x00007ffc02290000 - 0x00007ffc022a7000 	C:\Users\asv\.vscode\extensions\redhat.java-1.30.0-win32-x64\jre\17.0.10-win32-x86_64\bin\jli.dll
0x00007ffc022b0000 - 0x00007ffc022cb000 	C:\Users\asv\.vscode\extensions\redhat.java-1.30.0-win32-x64\jre\17.0.10-win32-x86_64\bin\VCRUNTIME140.dll
0x00007ffc2f1c0000 - 0x00007ffc2f35f000 	C:\Windows\System32\USER32.dll
0x00007ffc2d8b0000 - 0x00007ffc2d8d2000 	C:\Windows\System32\win32u.dll
0x00007ffc2e2c0000 - 0x00007ffc2e2eb000 	C:\Windows\System32\GDI32.dll
0x00007ffc1c610000 - 0x00007ffc1c8aa000 	C:\Windows\WinSxS\amd64_microsoft.windows.common-controls_6595b64144ccf1df_6.0.19041.3636_none_60b6a03d71f818d5\COMCTL32.dll
0x00007ffc2d240000 - 0x00007ffc2d357000 	C:\Windows\System32\gdi32full.dll
0x00007ffc2d1a0000 - 0x00007ffc2d23d000 	C:\Windows\System32\msvcp_win.dll
0x00007ffc2ef90000 - 0x00007ffc2f02e000 	C:\Windows\System32\msvcrt.dll
0x00007ffc2e650000 - 0x00007ffc2e682000 	C:\Windows\System32\IMM32.DLL
0x00007ffc1f260000 - 0x00007ffc1f26c000 	C:\Users\asv\.vscode\extensions\redhat.java-1.30.0-win32-x64\jre\17.0.10-win32-x86_64\bin\vcruntime140_1.dll
0x00007ffc02200000 - 0x00007ffc0228d000 	C:\Users\asv\.vscode\extensions\redhat.java-1.30.0-win32-x64\jre\17.0.10-win32-x86_64\bin\msvcp140.dll
0x00007ffbff9f0000 - 0x00007ffc00652000 	C:\Users\asv\.vscode\extensions\redhat.java-1.30.0-win32-x64\jre\17.0.10-win32-x86_64\bin\server\jvm.dll
0x00007ffc2f110000 - 0x00007ffc2f1c0000 	C:\Windows\System32\ADVAPI32.dll
0x00007ffc2e690000 - 0x00007ffc2e730000 	C:\Windows\System32\sechost.dll
0x00007ffc2f770000 - 0x00007ffc2f893000 	C:\Windows\System32\RPCRT4.dll
0x00007ffc2d810000 - 0x00007ffc2d837000 	C:\Windows\System32\bcrypt.dll
0x00007ffc2cea0000 - 0x00007ffc2ceeb000 	C:\Windows\SYSTEM32\POWRPROF.dll
0x00007ffc1f650000 - 0x00007ffc1f659000 	C:\Windows\SYSTEM32\WSOCK32.dll
0x00007ffc2f530000 - 0x00007ffc2f59b000 	C:\Windows\System32\WS2_32.dll
0x00007ffc1a8d0000 - 0x00007ffc1a8f7000 	C:\Windows\SYSTEM32\WINMM.dll
0x00007ffc28890000 - 0x00007ffc2889a000 	C:\Windows\SYSTEM32\VERSION.dll
0x00007ffc2ce80000 - 0x00007ffc2ce92000 	C:\Windows\SYSTEM32\UMPDC.dll
0x00007ffc2aef0000 - 0x00007ffc2af02000 	C:\Windows\SYSTEM32\kernel.appcore.dll
0x00007ffc1f0c0000 - 0x00007ffc1f0ca000 	C:\Users\asv\.vscode\extensions\redhat.java-1.30.0-win32-x64\jre\17.0.10-win32-x86_64\bin\jimage.dll
0x00007ffc19a70000 - 0x00007ffc19c54000 	C:\Windows\SYSTEM32\DBGHELP.DLL
0x00007ffc19a20000 - 0x00007ffc19a54000 	C:\Windows\SYSTEM32\dbgcore.DLL
0x00007ffc2d930000 - 0x00007ffc2d9b2000 	C:\Windows\System32\bcryptPrimitives.dll
0x00007ffc00830000 - 0x00007ffc00855000 	C:\Users\asv\.vscode\extensions\redhat.java-1.30.0-win32-x64\jre\17.0.10-win32-x86_64\bin\java.dll
0x00007ffc021e0000 - 0x00007ffc021f8000 	C:\Users\asv\.vscode\extensions\redhat.java-1.30.0-win32-x64\jre\17.0.10-win32-x86_64\bin\zip.dll
0x00007ffc2daf0000 - 0x00007ffc2e25b000 	C:\Windows\System32\SHELL32.dll
0x00007ffc2b0f0000 - 0x00007ffc2b88e000 	C:\Windows\SYSTEM32\windows.storage.dll
0x00007ffc2e2f0000 - 0x00007ffc2e643000 	C:\Windows\System32\combase.dll
0x00007ffc2c9a0000 - 0x00007ffc2c9ce000 	C:\Windows\SYSTEM32\Wldp.dll
0x00007ffc2ee60000 - 0x00007ffc2ef2d000 	C:\Windows\System32\OLEAUT32.dll
0x00007ffc2f6c0000 - 0x00007ffc2f76d000 	C:\Windows\System32\SHCORE.dll
0x00007ffc2e260000 - 0x00007ffc2e2b5000 	C:\Windows\System32\shlwapi.dll
0x00007ffc2cf70000 - 0x00007ffc2cf93000 	C:\Windows\SYSTEM32\profapi.dll
0x00007ffc00810000 - 0x00007ffc00829000 	C:\Users\asv\.vscode\extensions\redhat.java-1.30.0-win32-x64\jre\17.0.10-win32-x86_64\bin\net.dll
0x00007ffc25950000 - 0x00007ffc25a5a000 	C:\Windows\SYSTEM32\WINHTTP.dll
0x00007ffc2c700000 - 0x00007ffc2c76a000 	C:\Windows\system32\mswsock.dll
0x00007ffc007f0000 - 0x00007ffc00806000 	C:\Users\asv\.vscode\extensions\redhat.java-1.30.0-win32-x64\jre\17.0.10-win32-x86_64\bin\nio.dll
0x00007ffc172e0000 - 0x00007ffc172f0000 	C:\Users\asv\.vscode\extensions\redhat.java-1.30.0-win32-x64\jre\17.0.10-win32-x86_64\bin\verify.dll
0x00007ffbfdf80000 - 0x00007ffbfdfa7000 	C:\Users\asv\.gradle\native\e1d6ef7f7dcc3fd88c89a11ec53ec762bb8ba0a96d01ffa2cd45eb1d1d8dd5c5\windows-amd64\native-platform.dll
0x00007ffc22fb0000 - 0x00007ffc22fb9000 	C:\Users\asv\.vscode\extensions\redhat.java-1.30.0-win32-x64\jre\17.0.10-win32-x86_64\bin\management.dll
0x00007ffc22b30000 - 0x00007ffc22b3b000 	C:\Users\asv\.vscode\extensions\redhat.java-1.30.0-win32-x64\jre\17.0.10-win32-x86_64\bin\management_ext.dll
0x00007ffc2f520000 - 0x00007ffc2f528000 	C:\Windows\System32\PSAPI.DLL
0x00007ffc2c8f0000 - 0x00007ffc2c908000 	C:\Windows\SYSTEM32\CRYPTSP.dll
0x00007ffc2c020000 - 0x00007ffc2c054000 	C:\Windows\system32\rsaenh.dll
0x00007ffc2cef0000 - 0x00007ffc2cf1e000 	C:\Windows\SYSTEM32\USERENV.dll
0x00007ffc2c910000 - 0x00007ffc2c91c000 	C:\Windows\SYSTEM32\CRYPTBASE.dll
0x00007ffc2c3e0000 - 0x00007ffc2c41b000 	C:\Windows\SYSTEM32\IPHLPAPI.DLL
0x00007ffc2f360000 - 0x00007ffc2f368000 	C:\Windows\System32\NSI.dll
0x00007ffc26fb0000 - 0x00007ffc26fc7000 	C:\Windows\SYSTEM32\dhcpcsvc6.DLL
0x00007ffc27170000 - 0x00007ffc2718d000 	C:\Windows\SYSTEM32\dhcpcsvc.DLL
0x00007ffc2c420000 - 0x00007ffc2c4eb000 	C:\Windows\SYSTEM32\DNSAPI.dll
0x00007ffc20200000 - 0x00007ffc20209000 	C:\Users\asv\.vscode\extensions\redhat.java-1.30.0-win32-x64\jre\17.0.10-win32-x86_64\bin\extnet.dll
0x00007ffc1faa0000 - 0x00007ffc1faae000 	C:\Users\asv\.vscode\extensions\redhat.java-1.30.0-win32-x64\jre\17.0.10-win32-x86_64\bin\sunmscapi.dll
0x00007ffc2d040000 - 0x00007ffc2d19e000 	C:\Windows\System32\CRYPT32.dll
0x00007ffc2ca10000 - 0x00007ffc2ca38000 	C:\Windows\SYSTEM32\ncrypt.dll
0x00007ffc2c9d0000 - 0x00007ffc2ca0b000 	C:\Windows\SYSTEM32\NTASN1.dll
0x00007ffbfee60000 - 0x00007ffbfee67000 	C:\Windows\system32\wshunix.dll

dbghelp: loaded successfully - version: 4.0.5 - missing functions: none
symbol engine: initialized successfully - sym options: 0x614 - pdb path: .;C:\Users\asv\.vscode\extensions\redhat.java-1.30.0-win32-x64\jre\17.0.10-win32-x86_64\bin;C:\Windows\SYSTEM32;C:\Windows\WinSxS\amd64_microsoft.windows.common-controls_6595b64144ccf1df_6.0.19041.3636_none_60b6a03d71f818d5;C:\Users\asv\.vscode\extensions\redhat.java-1.30.0-win32-x64\jre\17.0.10-win32-x86_64\bin\server;C:\Users\asv\.gradle\native\e1d6ef7f7dcc3fd88c89a11ec53ec762bb8ba0a96d01ffa2cd45eb1d1d8dd5c5\windows-amd64

VM Arguments:
jvm_args: --add-opens=java.base/java.lang=ALL-UNNAMED --add-opens=java.base/java.io=ALL-UNNAMED --add-opens=java.base/java.util=ALL-UNNAMED -Dplugin.dir=C:\Users\asv\.vscode\extensions\redhat.java-1.30.0-win32-x64\server\..\..\vscjava.vscode-gradle-3.13.5\server\plugins 
java_command: com.microsoft.java.bs.core.Launcher
java_class_path (initial): C:\Users\asv\.vscode\extensions\redhat.java-1.30.0-win32-x64\server\..\..\vscjava.vscode-gradle-3.13.5\server\server.jar;C:\Users\asv\.vscode\extensions\redhat.java-1.30.0-win32-x64\server\..\..\vscjava.vscode-gradle-3.13.5\server\runtime\bsp4j-2.1.0-M4.jar;C:\Users\asv\.vscode\extensions\redhat.java-1.30.0-win32-x64\server\..\..\vscjava.vscode-gradle-3.13.5\server\runtime\checker-qual-3.5.0.jar;C:\Users\asv\.vscode\extensions\redhat.java-1.30.0-win32-x64\server\..\..\vscjava.vscode-gradle-3.13.5\server\runtime\commons-lang3-3.13.0.jar;C:\Users\asv\.vscode\extensions\redhat.java-1.30.0-win32-x64\server\..\..\vscjava.vscode-gradle-3.13.5\server\runtime\error_prone_annotations-2.3.4.jar;C:\Users\asv\.vscode\extensions\redhat.java-1.30.0-win32-x64\server\..\..\vscjava.vscode-gradle-3.13.5\server\runtime\failureaccess-1.0.1.jar;C:\Users\asv\.vscode\extensions\redhat.java-1.30.0-win32-x64\server\..\..\vscjava.vscode-gradle-3.13.5\server\runtime\gradle-tooling-api-8.1.1.jar;C:\Users\asv\.vscode\extensions\redhat.java-1.30.0-win32-x64\server\..\..\vscjava.vscode-gradle-3.13.5\server\runtime\gson-2.9.1.jar;C:\Users\asv\.vscode\extensions\redhat.java-1.30.0-win32-x64\server\..\..\vscjava.vscode-gradle-3.13.5\server\runtime\guava-30.1-jre.jar;C:\Users\asv\.vscode\extensions\redhat.java-1.30.0-win32-x64\server\..\..\vscjava.vscode-gradle-3.13.5\server\runtime\j2objc-annotations-1.3.jar;C:\Users\asv\.vscode\extensions\redhat.java-1.30.0-win32-x64\server\..\..\vscjava.vscode-gradle-3.13.5\server\runtime\jsr305-3.0.2.jar;C:\Users\asv\.vscode\extensions\redhat.java-1.30.0-win32-x64\server\..\..\vscjava.vscode-gradle-3.13.5\server\runtime\listenablefuture-9999.0-empty-to-avoid-conflict-with-guava.jar;C:\Users\asv\.vscode\extensions\redhat.java-1.30.0-win32-x64\server\..\..\vscjava.vscode-gradle-3.13.5\server\runtime\model.jar;C:\Users\asv\.vscode\extensions\redhat.java-1.30.0-win32-x64\server\..\..\vscjava.vscode-gradle-3.13.5\server\runtime\org.eclipse
Launcher Type: SUN_STANDARD

[Global flags]
     intx CICompilerCount                          = 3                                         {product} {ergonomic}
     uint ConcGCThreads                            = 1                                         {product} {ergonomic}
     uint G1ConcRefinementThreads                  = 4                                         {product} {ergonomic}
   size_t G1HeapRegionSize                         = 1048576                                   {product} {ergonomic}
    uintx GCDrainStackTargetSize                   = 64                                        {product} {ergonomic}
   size_t InitialHeapSize                          = 65011712                                  {product} {ergonomic}
   size_t MarkStackSize                            = 4194304                                   {product} {ergonomic}
   size_t MaxHeapSize                              = 1021313024                                {product} {ergonomic}
   size_t MaxNewSize                               = 612368384                                 {product} {ergonomic}
   size_t MinHeapDeltaBytes                        = 1048576                                   {product} {ergonomic}
   size_t MinHeapSize                              = 8388608                                   {product} {ergonomic}
    uintx NonNMethodCodeHeapSize                   = 5832780                                {pd product} {ergonomic}
    uintx NonProfiledCodeHeapSize                  = 122912730                              {pd product} {ergonomic}
    uintx ProfiledCodeHeapSize                     = 122912730                              {pd product} {ergonomic}
    uintx ReservedCodeCacheSize                    = 251658240                              {pd product} {ergonomic}
     bool SegmentedCodeCache                       = true                                      {product} {ergonomic}
   size_t SoftMaxHeapSize                          = 1021313024                             {manageable} {ergonomic}
     bool UseCompressedClassPointers               = true                           {product lp64_product} {ergonomic}
     bool UseCompressedOops                        = true                           {product lp64_product} {ergonomic}
     bool UseG1GC                                  = true                                      {product} {ergonomic}
     bool UseLargePagesIndividualAllocation        = false                                  {pd product} {ergonomic}

Logging:
Log output configuration:
 #0: stdout all=warning uptime,level,tags
 #1: stderr all=off uptime,level,tags

Environment Variables:
PATH=C:\Program Files\Common Files\Oracle\Java\javapath;C:\Windows\system32;C:\Windows;C:\Windows\System32\Wbem;C:\Windows\System32\WindowsPowerShell\v1.0\;C:\Windows\System32\OpenSSH\;C:\Program Files\Git\cmd;C:\Users\asv\AppData\Local\Microsoft\WindowsApps;C:\Users\asv\AppData\Local\Programs\Microsoft VS Code\bin
USERNAME=asv
OS=Windows_NT
PROCESSOR_IDENTIFIER=Intel64 Family 6 Model 37 Stepping 5, GenuineIntel
TMP=C:\Users\asv\AppData\Local\Temp
TEMP=C:\Users\asv\AppData\Local\Temp



Periodic native trim disabled


---------------  S Y S T E M  ---------------

OS:
 Windows 10 , 64 bit Build 19041 (10.0.19041.3636)
OS uptime: 0 days 0:02 hours

CPU: total 4 (initial active 4) (2 cores per cpu, 2 threads per core) family 6 model 37 stepping 5 microcode 0x7, cx8, cmov, fxsr, ht, mmx, sse, sse2, sse3, ssse3, sse4.1, sse4.2, popcnt, tsc, tscinvbit, aes, clmul, clflush
Processor Information for all 4 processors :
  Max Mhz: 3333, Current Mhz: 3333, Mhz Limit: 3333

Memory: 4k page, system-wide physical 3895M (380M free)
TotalPageFile size 9527M (AvailPageFile size 4582M)
current process WorkingSet (physical memory assigned to process): 131M, peak: 137M
current process commit charge ("private bytes"): 176M, peak: 183M

vm_info: OpenJDK 64-Bit Server VM (17.0.10+7) for windows-amd64 JRE (17.0.10+7), built on Jan 16 2024 23:25:11 by "admin" with MS VC++ 16.10 / 16.11 (VS2019)

END.
